
> my-webapp@0.1.0 build
> next build

 ⨯ Failed to load env from .env.local Error: EPERM: operation not permitted, open '/Users/joflores/Documents/GitHub/jujuy25/.env.local'
    at Object.readFileSync (node:fs:443:20)
    at loadEnvConfig (/Users/joflores/Documents/GitHub/jujuy25/node_modules/@next/env/dist/index.js:1:9649)
    at /Users/joflores/Documents/GitHub/jujuy25/node_modules/next/dist/build/index.js:371:115
    at Span.traceFn (/Users/joflores/Documents/GitHub/jujuy25/node_modules/next/dist/trace/trace.js:147:20)
    at /Users/joflores/Documents/GitHub/jujuy25/node_modules/next/dist/build/index.js:371:80
    at Span.traceAsyncFn (/Users/joflores/Documents/GitHub/jujuy25/node_modules/next/dist/trace/trace.js:154:26)
    at build (/Users/joflores/Documents/GitHub/jujuy25/node_modules/next/dist/build/index.js:368:29)
    at Module.nextBuild (/Users/joflores/Documents/GitHub/jujuy25/node_modules/next/dist/cli/next-build.js:52:31)
    at /Users/joflores/Documents/GitHub/jujuy25/node_modules/next/dist/bin/next:80:52 {
  errno: -1,
  code: 'EPERM',
  syscall: 'open',
  path: '/Users/joflores/Documents/GitHub/jujuy25/.env.local'
}
  ▲ Next.js 14.2.33

   Creating an optimized production build ...
request to https://fonts.googleapis.com/css2?family=Inter:wght@100..900&display=swap failed, reason: unable to get local issuer certificate

Retrying 1/3...
request to https://fonts.googleapis.com/css2?family=Inter:wght@100..900&display=swap failed, reason: unable to get local issuer certificate

Retrying 2/3...
request to https://fonts.googleapis.com/css2?family=Inter:wght@100..900&display=swap failed, reason: unable to get local issuer certificate

Retrying 3/3...
FetchError: request to https://fonts.googleapis.com/css2?family=Inter:wght@100..900&display=swap failed, reason: unable to get local issuer certificate
    at ClientRequest.<anonymous> (/Users/joflores/Documents/GitHub/jujuy25/node_modules/next/dist/compiled/node-fetch/index.js:1:66160)
    at ClientRequest.emit (node:events:507:28)
    at emitErrorEvent (node:_http_client:104:11)
    at TLSSocket.socketErrorListener (node:_http_client:518:5)
    at TLSSocket.emit (node:events:507:28)
    at emitErrorNT (node:internal/streams/destroy:170:8)
    at emitErrorCloseNT (node:internal/streams/destroy:129:3)
    at process.processTicksAndRejections (node:internal/process/task_queues:90:21) {
  type: 'system',
  errno: 'UNABLE_TO_GET_ISSUER_CERT_LOCALLY',
  code: 'UNABLE_TO_GET_ISSUER_CERT_LOCALLY'
}
Failed to compile.

app/layout.tsx
`next/font` error:
Failed to fetch `Inter` from Google Fonts.

./node_modules/next/dist/client/components/router-reducer/create-href-from-url.js
Error: Failed to read source code from /Users/joflores/Documents/GitHub/jujuy25/node_modules/next/dist/client/components/router-reducer/create-href-from-url.js

Caused by:
    Operation not permitted (os error 1)

Import trace for requested module:
./node_modules/next/dist/client/components/router-reducer/create-href-from-url.js
./node_modules/next/dist/client/components/app-router.js

./node_modules/next/dist/client/components/router-reducer/create-initial-router-state.js
Error: Failed to read source code from /Users/joflores/Documents/GitHub/jujuy25/node_modules/next/dist/client/components/router-reducer/create-initial-router-state.js

Caused by:
    Operation not permitted (os error 1)

Import trace for requested module:
./node_modules/next/dist/client/components/router-reducer/create-initial-router-state.js
./node_modules/next/dist/client/components/app-router.js

./node_modules/next/dist/client/components/router-reducer/create-router-cache-key.js
Error: Failed to read source code from /Users/joflores/Documents/GitHub/jujuy25/node_modules/next/dist/client/components/router-reducer/create-router-cache-key.js

Caused by:
    Operation not permitted (os error 1)

Import trace for requested module:
./node_modules/next/dist/client/components/router-reducer/create-router-cache-key.js
./node_modules/next/dist/client/components/layout-router.js

./node_modules/next/dist/client/components/router-reducer/fetch-server-response.js
Error: Failed to read source code from /Users/joflores/Documents/GitHub/jujuy25/node_modules/next/dist/client/components/router-reducer/fetch-server-response.js

Caused by:
    Operation not permitted (os error 1)

Import trace for requested module:
./node_modules/next/dist/client/components/router-reducer/fetch-server-response.js
./node_modules/next/dist/client/components/layout-router.js


> Build failed because of webpack errors
unhandledRejection Error: kill EPERM
    at ChildProcess.kill (node:internal/child_process:512:26)
    at cleanupWorkers (/Users/joflores/Documents/GitHub/jujuy25/node_modules/next/dist/lib/worker.js:17:85)
    at Worker.close (/Users/joflores/Documents/GitHub/jujuy25/node_modules/next/dist/lib/worker.js:126:13)
    at process.<anonymous> (/Users/joflores/Documents/GitHub/jujuy25/node_modules/next/dist/lib/worker.js:30:18)
    at process.emit (node:events:507:28)
    at process.exit (node:internal/process/per_thread:180:15)
    at printAndExit (/Users/joflores/Documents/GitHub/jujuy25/node_modules/next/dist/server/lib/utils.js:50:13)
    at /Users/joflores/Documents/GitHub/jujuy25/node_modules/next/dist/cli/next-build.js:58:37
    at process.processTicksAndRejections (node:internal/process/task_queues:105:5) {
  errno: -1,
  code: 'EPERM',
  syscall: 'kill'
}
